<?xml version="1.0" encoding="UTF-8"?>
<!-- Generated by org.testng.reporters.JUnitXMLReporter -->
<testsuite hostname="THANGLV3-LAPTOP" ignored="0" name="Run on Chrome" tests="3" failures="0" timestamp="13 May 2021 16:06:28 GMT" time="0.093" errors="0">
  <testcase name="TC_01_Register_Empty_Data" time="0.011" classname="com.nopcommerce.user.User_01_Register_Login"/>
  <testcase name="TC_02_Register_Invalid_Email" time="0.004" classname="com.nopcommerce.user.User_01_Register_Login"/>
  <testcase name="TC_03_Register_Invalid_Password" time="0.003" classname="com.nopcommerce.user.User_01_Register_Login"/>
</testsuite> <!-- Run on Chrome -->
