<?xml version="1.0" encoding="UTF-8"?>
<testng-results skipped="0" failed="0" ignored="0" total="3" passed="3">
  <reporter-output>
  </reporter-output>
  <suite name="User NopCommerce" duration-ms="16539" started-at="2021-05-13T16:15:04Z" finished-at="2021-05-13T16:15:20Z">
    <groups>
    </groups>
    <test name="Run on Chrome" duration-ms="16539" started-at="2021-05-13T16:15:04Z" finished-at="2021-05-13T16:15:20Z">
      <class name="com.nopcommerce.user.User_01_Register_Login">
        <test-method status="PASS" signature="beforeClass()[pri:0, instance:com.nopcommerce.user.User_01_Register_Login@6cc4c815]" name="beforeClass" is-config="true" duration-ms="16430" started-at="2021-05-13T16:15:04Z" finished-at="2021-05-13T16:15:20Z">
          <reporter-output>
          </reporter-output>
        </test-method> <!-- beforeClass -->
        <test-method status="PASS" signature="TC_01_Register_Empty_Data()[pri:0, instance:com.nopcommerce.user.User_01_Register_Login@6cc4c815]" name="TC_01_Register_Empty_Data" duration-ms="10" started-at="2021-05-13T16:15:20Z" finished-at="2021-05-13T16:15:20Z">
          <reporter-output>
          </reporter-output>
        </test-method> <!-- TC_01_Register_Empty_Data -->
        <test-method status="PASS" signature="TC_02_Register_Invalid_Email()[pri:0, instance:com.nopcommerce.user.User_01_Register_Login@6cc4c815]" name="TC_02_Register_Invalid_Email" duration-ms="2" started-at="2021-05-13T16:15:20Z" finished-at="2021-05-13T16:15:20Z">
          <reporter-output>
          </reporter-output>
        </test-method> <!-- TC_02_Register_Invalid_Email -->
        <test-method status="PASS" signature="TC_03_Register_Invalid_Password()[pri:0, instance:com.nopcommerce.user.User_01_Register_Login@6cc4c815]" name="TC_03_Register_Invalid_Password" duration-ms="4" started-at="2021-05-13T16:15:20Z" finished-at="2021-05-13T16:15:20Z">
          <reporter-output>
          </reporter-output>
        </test-method> <!-- TC_03_Register_Invalid_Password -->
        <test-method status="PASS" signature="afterClass()[pri:0, instance:com.nopcommerce.user.User_01_Register_Login@6cc4c815]" name="afterClass" is-config="true" duration-ms="1" started-at="2021-05-13T16:15:20Z" finished-at="2021-05-13T16:15:20Z">
          <reporter-output>
          </reporter-output>
        </test-method> <!-- afterClass -->
      </class> <!-- com.nopcommerce.user.User_01_Register_Login -->
    </test> <!-- Run on Chrome -->
  </suite> <!-- User NopCommerce -->
</testng-results>
